# JRE version: Java(TM) SE Runtime Environment (7.0_45-b18) (build 1.7.0_45-b18)
# Java VM: Java HotSpot(TM) 64-Bit Server VM (24.45-b08 mixed mode windows-amd64 compressed oops)
Heap
 PSYoungGen      total 124928K, used 47949K [0x00000000f5500000, 0x00000000ffe00000, 0x0000000100000000)
  eden space 81408K, 28% used [0x00000000f5500000,0x00000000f6bbb308,0x00000000fa480000)
  from space 43520K, 56% used [0x00000000fa480000,0x00000000fbc983c0,0x00000000fcf00000)
  to   space 43520K, 0% used [0x00000000fd380000,0x00000000fd380000,0x00000000ffe00000)
 ParOldGen       total 311296K, used 78350K [0x00000000e0000000, 0x00000000f3000000, 0x00000000f5500000)
  object space 311296K, 25% used [0x00000000e0000000,0x00000000e4c83b88,0x00000000f3000000)
 PSPermGen       total 55296K, used 43573K [0x00000000dae00000, 0x00000000de400000, 0x00000000e0000000)
  object space 55296K, 78% used [0x00000000dae00000,0x00000000dd88d730,0x00000000de400000)
GC Heap History (10 events):
Event: 1829.381 GC heap before
{Heap before GC invocations=113 (full 14):
 PSYoungGen      total 111104K, used 72704K [0x00000000f5500000, 0x00000000feb00000, 0x0000000100000000)
  eden space 72704K, 100% used [0x00000000f5500000,0x00000000f9c00000,0x00000000f9c00000)
  from space 38400K, 0% used [0x00000000fc580000,0x00000000fc580000,0x00000000feb00000)
  to   space 40448K, 0% used [0x00000000f9c00000,0x00000000f9c00000,0x00000000fc380000)
 ParOldGen       total 311296K, used 78350K [0x00000000e0000000, 0x00000000f3000000, 0x00000000f5500000)
  object space 311296K, 25% used [0x00000000e0000000,0x00000000e4c83b88,0x00000000f3000000)
 PSPermGen       total 55296K, used 43541K [0x00000000dae00000, 0x00000000de400000, 0x00000000e0000000)
  object space 55296K, 78% used [0x00000000dae00000,0x00000000dd885770,0x00000000de400000)
Event: 1829.389 GC heap after
Heap after GC invocations=113 (full 14):
 PSYoungGen      total 113152K, used 30817K [0x00000000f5500000, 0x00000000ff500000, 0x0000000100000000)
  eden space 72704K, 0% used [0x00000000f5500000,0x00000000f5500000,0x00000000f9c00000)
  from space 40448K, 76% used [0x00000000f9c00000,0x00000000fba18530,0x00000000fc380000)
  to   space 43520K, 0% used [0x00000000fca80000,0x00000000fca80000,0x00000000ff500000)
 ParOldGen       total 311296K, used 78350K [0x00000000e0000000, 0x00000000f3000000, 0x00000000f5500000)
  object space 311296K, 25% used [0x00000000e0000000,0x00000000e4c83b88,0x00000000f3000000)
 PSPermGen       total 55296K, used 43541K [0x00000000dae00000, 0x00000000de400000, 0x00000000e0000000)
  object space 55296K, 78% used [0x00000000dae00000,0x00000000dd885770,0x00000000de400000)
}
Event: 1830.344 GC heap before
{Heap before GC invocations=114 (full 14):
 PSYoungGen      total 113152K, used 103521K [0x00000000f5500000, 0x00000000ff500000, 0x0000000100000000)
  eden space 72704K, 100% used [0x00000000f5500000,0x00000000f9c00000,0x00000000f9c00000)
  from space 40448K, 76% used [0x00000000f9c00000,0x00000000fba18530,0x00000000fc380000)
  to   space 43520K, 0% used [0x00000000fca80000,0x00000000fca80000,0x00000000ff500000)
 ParOldGen       total 311296K, used 78350K [0x00000000e0000000, 0x00000000f3000000, 0x00000000f5500000)
  object space 311296K, 25% used [0x00000000e0000000,0x00000000e4c83b88,0x00000000f3000000)
 PSPermGen       total 55296K, used 43551K [0x00000000dae00000, 0x00000000de400000, 0x00000000e0000000)
  object space 55296K, 78% used [0x00000000dae00000,0x00000000dd887c78,0x00000000de400000)
Event: 1830.377 GC heap after
Heap after GC invocations=114 (full 14):
 PSYoungGen      total 120320K, used 22880K [0x00000000f5500000, 0x00000000ff600000, 0x0000000100000000)
  eden space 76800K, 0% used [0x00000000f5500000,0x00000000f5500000,0x00000000fa000000)
  from space 43520K, 52% used [0x00000000fca80000,0x00000000fe0d83c0,0x00000000ff500000)
  to   space 43520K, 0% used [0x00000000fa000000,0x00000000fa000000,0x00000000fca80000)
 ParOldGen       total 311296K, used 78350K [0x00000000e0000000, 0x00000000f3000000, 0x00000000f5500000)
  object space 311296K, 25% used [0x00000000e0000000,0x00000000e4c83b88,0x00000000f3000000)
 PSPermGen       total 55296K, used 43551K [0x00000000dae00000, 0x00000000de400000, 0x00000000e0000000)
  object space 55296K, 78% used [0x00000000dae00000,0x00000000dd887c78,0x00000000de400000)
}
Event: 1831.763 GC heap before
{Heap before GC invocations=115 (full 14):
 PSYoungGen      total 120320K, used 99680K [0x00000000f5500000, 0x00000000ff600000, 0x0000000100000000)
  eden space 76800K, 100% used [0x00000000f5500000,0x00000000fa000000,0x00000000fa000000)
  from space 43520K, 52% used [0x00000000fca80000,0x00000000fe0d83c0,0x00000000ff500000)
  to   space 43520K, 0% used [0x00000000fa000000,0x00000000fa000000,0x00000000fca80000)
 ParOldGen       total 311296K, used 78350K [0x00000000e0000000, 0x00000000f3000000, 0x00000000f5500000)
  object space 311296K, 25% used [0x00000000e0000000,0x00000000e4c83b88,0x00000000f3000000)
 PSPermGen       total 55296K, used 43566K [0x00000000dae00000, 0x00000000de400000, 0x00000000e0000000)
  object space 55296K, 78% used [0x00000000dae00000,0x00000000dd88ba50,0x00000000de400000)
Event: 1831.777 GC heap after
Heap after GC invocations=115 (full 14):
 PSYoungGen      total 120320K, used 24736K [0x00000000f5500000, 0x00000000ffa00000, 0x0000000100000000)
  eden space 76800K, 0% used [0x00000000f5500000,0x00000000f5500000,0x00000000fa000000)
  from space 43520K, 56% used [0x00000000fa000000,0x00000000fb8283f0,0x00000000fca80000)
  to   space 43520K, 0% used [0x00000000fcf80000,0x00000000fcf80000,0x00000000ffa00000)
 ParOldGen       total 311296K, used 78350K [0x00000000e0000000, 0x00000000f3000000, 0x00000000f5500000)
  object space 311296K, 25% used [0x00000000e0000000,0x00000000e4c83b88,0x00000000f3000000)
 PSPermGen       total 55296K, used 43566K [0x00000000dae00000, 0x00000000de400000, 0x00000000e0000000)
  object space 55296K, 78% used [0x00000000dae00000,0x00000000dd88ba50,0x00000000de400000)
}
Event: 1833.275 GC heap before
{Heap before GC invocations=116 (full 14):
 PSYoungGen      total 120320K, used 101536K [0x00000000f5500000, 0x00000000ffa00000, 0x0000000100000000)
  eden space 76800K, 100% used [0x00000000f5500000,0x00000000fa000000,0x00000000fa000000)
  from space 43520K, 56% used [0x00000000fa000000,0x00000000fb8283f0,0x00000000fca80000)
  to   space 43520K, 0% used [0x00000000fcf80000,0x00000000fcf80000,0x00000000ffa00000)
 ParOldGen       total 311296K, used 78350K [0x00000000e0000000, 0x00000000f3000000, 0x00000000f5500000)
  object space 311296K, 25% used [0x00000000e0000000,0x00000000e4c83b88,0x00000000f3000000)
 PSPermGen       total 55296K, used 43568K [0x00000000dae00000, 0x00000000de400000, 0x00000000e0000000)
  object space 55296K, 78% used [0x00000000dae00000,0x00000000dd88c140,0x00000000de400000)
Event: 1833.287 GC heap after
Heap after GC invocations=116 (full 14):
 PSYoungGen      total 124416K, used 24192K [0x00000000f5500000, 0x00000000ff980000, 0x0000000100000000)
  eden space 81408K, 0% used [0x00000000f5500000,0x00000000f5500000,0x00000000fa480000)
  from space 43008K, 56% used [0x00000000fcf80000,0x00000000fe7203c0,0x00000000ff980000)
  to   space 43520K, 0% used [0x00000000fa480000,0x00000000fa480000,0x00000000fcf00000)
 ParOldGen       total 311296K, used 78350K [0x00000000e0000000, 0x00000000f3000000, 0x00000000f5500000)
  object space 311296K, 25% used [0x00000000e0000000,0x00000000e4c83b88,0x00000000f3000000)
 PSPermGen       total 55296K, used 43568K [0x00000000dae00000, 0x00000000de400000, 0x00000000e0000000)
  object space 55296K, 78% used [0x00000000dae00000,0x00000000dd88c140,0x00000000de400000)
}
Event: 1834.570 GC heap before
{Heap before GC invocations=117 (full 14):
 PSYoungGen      total 124416K, used 105600K [0x00000000f5500000, 0x00000000ff980000, 0x0000000100000000)
  eden space 81408K, 100% used [0x00000000f5500000,0x00000000fa480000,0x00000000fa480000)
  from space 43008K, 56% used [0x00000000fcf80000,0x00000000fe7203c0,0x00000000ff980000)
  to   space 43520K, 0% used [0x00000000fa480000,0x00000000fa480000,0x00000000fcf00000)
 ParOldGen       total 311296K, used 78350K [0x00000000e0000000, 0x00000000f3000000, 0x00000000f5500000)
  object space 311296K, 25% used [0x00000000e0000000,0x00000000e4c83b88,0x00000000f3000000)
 PSPermGen       total 55296K, used 43573K [0x00000000dae00000, 0x00000000de400000, 0x00000000e0000000)
  object space 55296K, 78% used [0x00000000dae00000,0x00000000dd88d730,0x00000000de400000)
Event: 1834.580 GC heap after
Heap after GC invocations=117 (full 14):
 PSYoungGen      total 124928K, used 24672K [0x00000000f5500000, 0x00000000ffe00000, 0x0000000100000000)
  eden space 81408K, 0% used [0x00000000f5500000,0x00000000f5500000,0x00000000fa480000)
  from space 43520K, 56% used [0x00000000fa480000,0x00000000fbc983c0,0x00000000fcf00000)
  to   space 43520K, 0% used [0x00000000fd380000,0x00000000fd380000,0x00000000ffe00000)
 ParOldGen       total 311296K, used 78350K [0x00000000e0000000, 0x00000000f3000000, 0x00000000f5500000)
  object space 311296K, 25% used [0x00000000e0000000,0x00000000e4c83b88,0x00000000f3000000)
 PSPermGen       total 55296K, used 43573K [0x00000000dae00000, 0x00000000de400000, 0x00000000e0000000)
  object space 55296K, 78% used [0x00000000dae00000,0x00000000dd88d730,0x00000000de400000)
}

